{"level":"INFO","message":"[12:00:05.548 AM]: Creating new connection object"}
{"level":"INFO","message":"[12:00:05.581 AM]: Creating Connection[id: 90907792-27ad-4ccf-9a4a-10fdb8d92bb0] with host: qzocpqx.mi36866.snowflakecomputing.com, account: qzocpqx, accessUrl: https://qzocpqx.mi36866.snowflakecomputing.com, user: SOOUBH, role: undefined, database: INVENTORYDB, schema: SUPPLY_CHAIN, warehouse: COMPUTE_WH, proxy was not configured, password is not provided, region: mi36866, authenticator: EXTERNALBROWSER, ocsp mode: FAIL_OPEN, os: win32, os version: 10.0.19045"}
{"level":"INFO","message":"[12:00:05.590 AM]: Connection[id: 90907792-27ad-4ccf-9a4a-10fdb8d92bb0] additional details: passcode in password is provided, passcode is not provided, private key is not provided, application: undefined, client name: snowflake-sdk, client version: 2.3.3, retry timeout: 300, private key path: undefined, private key pass is not provided, client store temporary credential: false, browser response timeout: 120000"}
{"level":"INFO","message":"[12:00:05.600 AM]: Connection[id: 90907792-27ad-4ccf-9a4a-10fdb8d92bb0] - connection object created successfully."}
{"level":"INFO","message":"[12:00:05.605 AM]: Connection[id: 90907792-27ad-4ccf-9a4a-10fdb8d92bb0] - connecting. Associated Snowflake domain: GLOBAL"}
{"level":"ERROR","message":"[12:00:05.614 AM]: Connection[id: 90907792-27ad-4ccf-9a4a-10fdb8d92bb0] - connecting failed after 9 milliseconds.Error: External browser and Okta are not compatible with connection process"}
{"level":"INFO","message":"[12:05:46.529 AM]: Creating new connection object"}
{"level":"INFO","message":"[12:05:46.577 AM]: Creating Connection[id: 290aa1df-a8b3-4a80-8018-6eac16eec57f] with host: qzocpqx.mi36866.snowflakecomputing.com, account: qzocpqx, accessUrl: https://qzocpqx.mi36866.snowflakecomputing.com, user: SOOUBH, role: undefined, database: INVENTORYDB, schema: SUPPLY_CHAIN, warehouse: COMPUTE_WH, proxy was not configured, password is not provided, region: mi36866, authenticator: EXTERNALBROWSER, ocsp mode: FAIL_OPEN, os: win32, os version: 10.0.19045"}
{"level":"INFO","message":"[12:05:46.580 AM]: Connection[id: 290aa1df-a8b3-4a80-8018-6eac16eec57f] additional details: passcode in password is provided, passcode is not provided, private key is not provided, application: undefined, client name: snowflake-sdk, client version: 2.3.3, retry timeout: 300, private key path: undefined, private key pass is not provided, client store temporary credential: false, browser response timeout: 120000"}
{"level":"INFO","message":"[12:05:46.583 AM]: Connection[id: 290aa1df-a8b3-4a80-8018-6eac16eec57f] - connection object created successfully."}
{"level":"INFO","message":"[12:05:46.629 AM]: Connection[id: 290aa1df-a8b3-4a80-8018-6eac16eec57f] - connecting. Associated Snowflake domain: GLOBAL"}
{"level":"ERROR","message":"[12:05:46.650 AM]: Connection[id: 290aa1df-a8b3-4a80-8018-6eac16eec57f] - connecting failed after 20.9 milliseconds.Error: External browser and Okta are not compatible with connection process"}
{"level":"INFO","message":"[12:06:17.979 AM]: Creating new connection object"}
{"level":"INFO","message":"[12:06:17.997 AM]: Creating Connection[id: 848ca7a9-e7b0-497c-90ec-3bf3ccd28050] with host: qzocpqx.mi36866.snowflakecomputing.com, account: qzocpqx, accessUrl: https://qzocpqx.mi36866.snowflakecomputing.com, user: SOOUBH, role: undefined, database: INVENTORYDB, schema: SUPPLY_CHAIN, warehouse: COMPUTE_WH, proxy was not configured, password is not provided, region: mi36866, authenticator: EXTERNALBROWSER, ocsp mode: FAIL_OPEN, os: win32, os version: 10.0.19045"}
{"level":"INFO","message":"[12:06:17.998 AM]: Connection[id: 848ca7a9-e7b0-497c-90ec-3bf3ccd28050] additional details: passcode in password is provided, passcode is not provided, private key is not provided, application: undefined, client name: snowflake-sdk, client version: 2.3.3, retry timeout: 300, private key path: undefined, private key pass is not provided, client store temporary credential: false, browser response timeout: 120000"}
{"level":"INFO","message":"[12:06:18.001 AM]: Connection[id: 848ca7a9-e7b0-497c-90ec-3bf3ccd28050] - connection object created successfully."}
{"level":"INFO","message":"[12:06:18.002 AM]: Connection[id: 848ca7a9-e7b0-497c-90ec-3bf3ccd28050] - connecting. Associated Snowflake domain: GLOBAL"}
{"level":"ERROR","message":"[12:06:18.003 AM]: Connection[id: 848ca7a9-e7b0-497c-90ec-3bf3ccd28050] - connecting failed after 0.89 milliseconds.Error: External browser and Okta are not compatible with connection process"}
{"level":"INFO","message":"[12:07:08.341 AM]: Creating new connection object"}
{"level":"INFO","message":"[12:07:08.358 AM]: Creating Connection[id: 9c4dc48b-9b32-4fa1-b543-246ce2a195cc] with host: qzocpqx.mi36866.snowflakecomputing.com, account: qzocpqx, accessUrl: https://qzocpqx.mi36866.snowflakecomputing.com, user: SOOUBH, role: undefined, database: INVENTORYDB, schema: SUPPLY_CHAIN, warehouse: COMPUTE_WH, proxy was not configured, password is not provided, region: mi36866, authenticator: EXTERNALBROWSER, ocsp mode: FAIL_OPEN, os: win32, os version: 10.0.19045"}
{"level":"INFO","message":"[12:07:08.360 AM]: Connection[id: 9c4dc48b-9b32-4fa1-b543-246ce2a195cc] additional details: passcode in password is provided, passcode is not provided, private key is not provided, application: undefined, client name: snowflake-sdk, client version: 2.3.3, retry timeout: 300, private key path: undefined, private key pass is not provided, client store temporary credential: false, browser response timeout: 120000"}
{"level":"INFO","message":"[12:07:08.361 AM]: Connection[id: 9c4dc48b-9b32-4fa1-b543-246ce2a195cc] - connection object created successfully."}
{"level":"INFO","message":"[12:07:08.366 AM]: Connection[id: 9c4dc48b-9b32-4fa1-b543-246ce2a195cc] - connecting. Associated Snowflake domain: GLOBAL"}
{"level":"ERROR","message":"[12:07:08.369 AM]: Connection[id: 9c4dc48b-9b32-4fa1-b543-246ce2a195cc] - connecting failed after 3.17 milliseconds.Error: External browser and Okta are not compatible with connection process"}
{"level":"INFO","message":"[12:07:13.259 AM]: Creating new connection object"}
{"level":"INFO","message":"[12:07:13.277 AM]: Creating Connection[id: 471b71ed-88b9-45cd-b201-d6e126ce4178] with host: qzocpqx.mi36866.snowflakecomputing.com, account: qzocpqx, accessUrl: https://qzocpqx.mi36866.snowflakecomputing.com, user: SOOUBH, role: undefined, database: INVENTORYDB, schema: SUPPLY_CHAIN, warehouse: COMPUTE_WH, proxy was not configured, password is not provided, region: mi36866, authenticator: EXTERNALBROWSER, ocsp mode: FAIL_OPEN, os: win32, os version: 10.0.19045"}
{"level":"INFO","message":"[12:07:13.282 AM]: Connection[id: 471b71ed-88b9-45cd-b201-d6e126ce4178] additional details: passcode in password is provided, passcode is not provided, private key is not provided, application: undefined, client name: snowflake-sdk, client version: 2.3.3, retry timeout: 300, private key path: undefined, private key pass is not provided, client store temporary credential: false, browser response timeout: 120000"}
{"level":"INFO","message":"[12:07:13.284 AM]: Connection[id: 471b71ed-88b9-45cd-b201-d6e126ce4178] - connection object created successfully."}
{"level":"INFO","message":"[12:07:13.285 AM]: Connection[id: 471b71ed-88b9-45cd-b201-d6e126ce4178] - connecting. Associated Snowflake domain: GLOBAL"}
{"level":"ERROR","message":"[12:07:13.289 AM]: Connection[id: 471b71ed-88b9-45cd-b201-d6e126ce4178] - connecting failed after 3.83 milliseconds.Error: External browser and Okta are not compatible with connection process"}
{"level":"INFO","message":"[12:07:15.585 AM]: Creating new connection object"}
{"level":"INFO","message":"[12:07:15.685 AM]: Creating Connection[id: 0776a5f4-f746-4352-a91e-219955ea95d6] with host: qzocpqx.mi36866.snowflakecomputing.com, account: qzocpqx, accessUrl: https://qzocpqx.mi36866.snowflakecomputing.com, user: SOOUBH, role: undefined, database: INVENTORYDB, schema: SUPPLY_CHAIN, warehouse: COMPUTE_WH, proxy was not configured, password is not provided, region: mi36866, authenticator: EXTERNALBROWSER, ocsp mode: FAIL_OPEN, os: win32, os version: 10.0.19045"}
{"level":"INFO","message":"[12:07:15.743 AM]: Connection[id: 0776a5f4-f746-4352-a91e-219955ea95d6] additional details: passcode in password is provided, passcode is not provided, private key is not provided, application: undefined, client name: snowflake-sdk, client version: 2.3.3, retry timeout: 300, private key path: undefined, private key pass is not provided, client store temporary credential: false, browser response timeout: 120000"}
{"level":"INFO","message":"[12:07:15.804 AM]: Connection[id: 0776a5f4-f746-4352-a91e-219955ea95d6] - connection object created successfully."}
{"level":"INFO","message":"[12:07:15.820 AM]: Connection[id: 0776a5f4-f746-4352-a91e-219955ea95d6] - connecting. Associated Snowflake domain: GLOBAL"}
{"level":"ERROR","message":"[12:07:15.864 AM]: Connection[id: 0776a5f4-f746-4352-a91e-219955ea95d6] - connecting failed after 43.97 milliseconds.Error: External browser and Okta are not compatible with connection process"}
{"level":"INFO","message":"[12:07:20.105 AM]: Creating new connection object"}
{"level":"INFO","message":"[12:07:20.124 AM]: Creating Connection[id: d795e030-8cc4-40d5-b953-d96de003974a] with host: qzocpqx.mi36866.snowflakecomputing.com, account: qzocpqx, accessUrl: https://qzocpqx.mi36866.snowflakecomputing.com, user: SOOUBH, role: undefined, database: INVENTORYDB, schema: SUPPLY_CHAIN, warehouse: COMPUTE_WH, proxy was not configured, password is not provided, region: mi36866, authenticator: EXTERNALBROWSER, ocsp mode: FAIL_OPEN, os: win32, os version: 10.0.19045"}
{"level":"INFO","message":"[12:07:20.125 AM]: Connection[id: d795e030-8cc4-40d5-b953-d96de003974a] additional details: passcode in password is provided, passcode is not provided, private key is not provided, application: undefined, client name: snowflake-sdk, client version: 2.3.3, retry timeout: 300, private key path: undefined, private key pass is not provided, client store temporary credential: false, browser response timeout: 120000"}
{"level":"INFO","message":"[12:07:20.127 AM]: Connection[id: d795e030-8cc4-40d5-b953-d96de003974a] - connection object created successfully."}
{"level":"INFO","message":"[12:07:20.135 AM]: Connection[id: d795e030-8cc4-40d5-b953-d96de003974a] - connecting. Associated Snowflake domain: GLOBAL"}
{"level":"ERROR","message":"[12:07:20.136 AM]: Connection[id: d795e030-8cc4-40d5-b953-d96de003974a] - connecting failed after 1.53 milliseconds.Error: External browser and Okta are not compatible with connection process"}
{"level":"INFO","message":"[12:15:32.109 AM]: Creating new connection object"}
{"level":"INFO","message":"[12:15:32.231 AM]: Creating Connection[id: 97d3937b-f9e4-441d-a64d-8a7f281a13cc] with host: qzocpqx.mi36866.snowflakecomputing.com, account: qzocpqx, accessUrl: https://qzocpqx.mi36866.snowflakecomputing.com, user: SOOUBH, role: undefined, database: INVENTORYDB, schema: SUPPLY_CHAIN, warehouse: COMPUTE_WH, proxy was not configured, password is not provided, region: mi36866, authenticator: EXTERNALBROWSER, ocsp mode: FAIL_OPEN, os: win32, os version: 10.0.19045"}
{"level":"INFO","message":"[12:15:32.238 AM]: Connection[id: 97d3937b-f9e4-441d-a64d-8a7f281a13cc] additional details: passcode in password is provided, passcode is not provided, private key is not provided, application: undefined, client name: snowflake-sdk, client version: 2.3.3, retry timeout: 300, private key path: undefined, private key pass is not provided, client store temporary credential: false, browser response timeout: 120000"}
{"level":"INFO","message":"[12:15:32.241 AM]: Connection[id: 97d3937b-f9e4-441d-a64d-8a7f281a13cc] - connection object created successfully."}
{"level":"INFO","message":"[12:15:32.243 AM]: Connection[id: 97d3937b-f9e4-441d-a64d-8a7f281a13cc] - connecting. Associated Snowflake domain: GLOBAL"}
{"level":"ERROR","message":"[12:15:32.247 AM]: Connection[id: 97d3937b-f9e4-441d-a64d-8a7f281a13cc] - connecting failed after 3.64 milliseconds.Error: External browser and Okta are not compatible with connection process"}
{"level":"INFO","message":"[12:20:23.120 AM]: Creating new connection object"}
{"level":"INFO","message":"[12:20:23.143 AM]: Creating Connection[id: a7dfefbb-192b-4669-ae5b-f29af82b0bd8] with host: qzocpqx.mi36866.snowflakecomputing.com, account: qzocpqx, accessUrl: https://qzocpqx.mi36866.snowflakecomputing.com, user: SOOUBH, role: undefined, database: INVENTORYDB, schema: SUPPLY_CHAIN, warehouse: COMPUTE_WH, proxy was not configured, password is not provided, region: mi36866, authenticator: EXTERNALBROWSER, ocsp mode: FAIL_OPEN, os: win32, os version: 10.0.19045"}
{"level":"INFO","message":"[12:20:23.147 AM]: Connection[id: a7dfefbb-192b-4669-ae5b-f29af82b0bd8] additional details: passcode in password is provided, passcode is not provided, private key is not provided, application: undefined, client name: snowflake-sdk, client version: 2.3.3, retry timeout: 300, private key path: undefined, private key pass is not provided, client store temporary credential: false, browser response timeout: 120000"}
{"level":"INFO","message":"[12:20:23.153 AM]: Connection[id: a7dfefbb-192b-4669-ae5b-f29af82b0bd8] - connection object created successfully."}
{"level":"INFO","message":"[12:20:23.155 AM]: Connection[id: a7dfefbb-192b-4669-ae5b-f29af82b0bd8] - connecting. Associated Snowflake domain: GLOBAL"}
{"level":"ERROR","message":"[12:20:23.158 AM]: Connection[id: a7dfefbb-192b-4669-ae5b-f29af82b0bd8] - connecting failed after 3.86 milliseconds.Error: External browser and Okta are not compatible with connection process"}
{"level":"INFO","message":"[12:35:15.373 AM]: Creating new connection object"}
{"level":"INFO","message":"[12:35:15.424 AM]: Creating Connection[id: 166a9c7a-a2ce-444d-affd-e7a9dd39d5a0] with host: qzocpqx.mi36866.snowflakecomputing.com, account: qzocpqx, accessUrl: https://qzocpqx.mi36866.snowflakecomputing.com, user: SOOUBH, role: undefined, database: INVENTORYDB, schema: SUPPLY_CHAIN, warehouse: COMPUTE_WH, proxy was not configured, password is not provided, region: mi36866, authenticator: EXTERNALBROWSER, ocsp mode: FAIL_OPEN, os: win32, os version: 10.0.19045"}
{"level":"INFO","message":"[12:35:15.430 AM]: Connection[id: 166a9c7a-a2ce-444d-affd-e7a9dd39d5a0] additional details: passcode in password is provided, passcode is not provided, private key is not provided, application: undefined, client name: snowflake-sdk, client version: 2.3.3, retry timeout: 300, private key path: undefined, private key pass is not provided, client store temporary credential: false, browser response timeout: 120000"}
{"level":"INFO","message":"[12:35:15.436 AM]: Connection[id: 166a9c7a-a2ce-444d-affd-e7a9dd39d5a0] - connection object created successfully."}
{"level":"INFO","message":"[12:35:15.441 AM]: Connection[id: 166a9c7a-a2ce-444d-affd-e7a9dd39d5a0] - connecting. Associated Snowflake domain: GLOBAL"}
{"level":"ERROR","message":"[12:35:15.443 AM]: Connection[id: 166a9c7a-a2ce-444d-affd-e7a9dd39d5a0] - connecting failed after 2.86 milliseconds.Error: External browser and Okta are not compatible with connection process"}
{"level":"INFO","message":"[12:37:41.610 AM]: Creating new connection object"}
{"level":"INFO","message":"[12:37:41.628 AM]: Creating Connection[id: 2ae7d26e-1abb-4fe9-b489-27414a68473d] with host: qzocpqx.mi36866.snowflakecomputing.com, account: qzocpqx, accessUrl: https://qzocpqx.mi36866.snowflakecomputing.com, user: SOOUBH, role: undefined, database: INVENTORYDB, schema: SUPPLY_CHAIN, warehouse: COMPUTE_WH, proxy was not configured, password is not provided, region: mi36866, authenticator: EXTERNALBROWSER, ocsp mode: FAIL_OPEN, os: win32, os version: 10.0.19045"}
{"level":"INFO","message":"[12:37:41.630 AM]: Connection[id: 2ae7d26e-1abb-4fe9-b489-27414a68473d] additional details: passcode in password is provided, passcode is not provided, private key is not provided, application: undefined, client name: snowflake-sdk, client version: 2.3.3, retry timeout: 300, private key path: undefined, private key pass is not provided, client store temporary credential: false, browser response timeout: 120000"}
{"level":"INFO","message":"[12:37:41.632 AM]: Connection[id: 2ae7d26e-1abb-4fe9-b489-27414a68473d] - connection object created successfully."}
{"level":"INFO","message":"[12:37:41.634 AM]: Connection[id: 2ae7d26e-1abb-4fe9-b489-27414a68473d] - connecting. Associated Snowflake domain: GLOBAL"}
{"level":"ERROR","message":"[12:37:41.635 AM]: Connection[id: 2ae7d26e-1abb-4fe9-b489-27414a68473d] - connecting failed after 0.95 milliseconds.Error: External browser and Okta are not compatible with connection process"}
{"level":"INFO","message":"[12:40:54.160 AM]: Creating new connection object"}
{"level":"INFO","message":"[12:40:54.232 AM]: Creating Connection[id: 9edcc2b5-e0e8-4d69-9a18-1e63f22b6b80] with host: qzocpqx.mi36866.snowflakecomputing.com, account: qzocpqx, accessUrl: https://qzocpqx.mi36866.snowflakecomputing.com, user: SOOUBH, role: undefined, database: INVENTORYDB, schema: SUPPLY_CHAIN, warehouse: COMPUTE_WH, proxy was not configured, password is not provided, region: mi36866, authenticator: EXTERNALBROWSER, ocsp mode: FAIL_OPEN, os: win32, os version: 10.0.19045"}
{"level":"INFO","message":"[12:40:54.234 AM]: Connection[id: 9edcc2b5-e0e8-4d69-9a18-1e63f22b6b80] additional details: passcode in password is provided, passcode is not provided, private key is not provided, application: undefined, client name: snowflake-sdk, client version: 2.3.3, retry timeout: 300, private key path: undefined, private key pass is not provided, client store temporary credential: false, browser response timeout: 120000"}
{"level":"INFO","message":"[12:40:54.239 AM]: Connection[id: 9edcc2b5-e0e8-4d69-9a18-1e63f22b6b80] - connection object created successfully."}
{"level":"INFO","message":"[12:40:54.261 AM]: Connection[id: 9edcc2b5-e0e8-4d69-9a18-1e63f22b6b80] - connecting. Associated Snowflake domain: GLOBAL"}
{"level":"ERROR","message":"[12:40:54.267 AM]: Connection[id: 9edcc2b5-e0e8-4d69-9a18-1e63f22b6b80] - connecting failed after 5.86 milliseconds.Error: External browser and Okta are not compatible with connection process"}
{"level":"INFO","message":"[12:40:59.111 AM]: Creating new connection object"}
{"level":"INFO","message":"[12:40:59.144 AM]: Creating Connection[id: 162eaae5-ac9f-4e1b-acd8-48942bc1cbe1] with host: qzocpqx.mi36866.snowflakecomputing.com, account: qzocpqx, accessUrl: https://qzocpqx.mi36866.snowflakecomputing.com, user: SOOUBH, role: undefined, database: INVENTORYDB, schema: SUPPLY_CHAIN, warehouse: COMPUTE_WH, proxy was not configured, password is not provided, region: mi36866, authenticator: EXTERNALBROWSER, ocsp mode: FAIL_OPEN, os: win32, os version: 10.0.19045"}
{"level":"INFO","message":"[12:40:59.159 AM]: Connection[id: 162eaae5-ac9f-4e1b-acd8-48942bc1cbe1] additional details: passcode in password is provided, passcode is not provided, private key is not provided, application: undefined, client name: snowflake-sdk, client version: 2.3.3, retry timeout: 300, private key path: undefined, private key pass is not provided, client store temporary credential: false, browser response timeout: 120000"}
{"level":"INFO","message":"[12:40:59.165 AM]: Connection[id: 162eaae5-ac9f-4e1b-acd8-48942bc1cbe1] - connection object created successfully."}
{"level":"INFO","message":"[12:40:59.230 AM]: Connection[id: 162eaae5-ac9f-4e1b-acd8-48942bc1cbe1] - connecting. Associated Snowflake domain: GLOBAL"}
{"level":"ERROR","message":"[12:40:59.234 AM]: Connection[id: 162eaae5-ac9f-4e1b-acd8-48942bc1cbe1] - connecting failed after 4.21 milliseconds.Error: External browser and Okta are not compatible with connection process"}
{"level":"INFO","message":"[12:42:47.962 AM]: Creating new connection object"}
{"level":"INFO","message":"[12:42:47.986 AM]: Creating Connection[id: 652ba368-9cb3-48b7-b940-dc59fa79c68c] with host: qzocpqx.mi36866.snowflakecomputing.com, account: qzocpqx, accessUrl: https://qzocpqx.mi36866.snowflakecomputing.com, user: SOOUBH, role: undefined, database: INVENTORYDB, schema: SUPPLY_CHAIN, warehouse: COMPUTE_WH, proxy was not configured, password is not provided, region: mi36866, authenticator: EXTERNALBROWSER, ocsp mode: FAIL_OPEN, os: win32, os version: 10.0.19045"}
{"level":"INFO","message":"[12:42:47.998 AM]: Connection[id: 652ba368-9cb3-48b7-b940-dc59fa79c68c] additional details: passcode in password is provided, passcode is not provided, private key is not provided, application: undefined, client name: snowflake-sdk, client version: 2.3.3, retry timeout: 300, private key path: undefined, private key pass is not provided, client store temporary credential: false, browser response timeout: 120000"}
{"level":"INFO","message":"[12:42:48.066 AM]: Connection[id: 652ba368-9cb3-48b7-b940-dc59fa79c68c] - connection object created successfully."}
{"level":"INFO","message":"[12:42:48.079 AM]: Connection[id: 652ba368-9cb3-48b7-b940-dc59fa79c68c] - connecting. Associated Snowflake domain: GLOBAL"}
{"level":"ERROR","message":"[12:42:48.113 AM]: Connection[id: 652ba368-9cb3-48b7-b940-dc59fa79c68c] - connecting failed after 34.39 milliseconds.Error: External browser and Okta are not compatible with connection process"}
{"level":"INFO","message":"[12:45:34.151 AM]: Creating new connection object"}
{"level":"INFO","message":"[12:45:34.173 AM]: Creating Connection[id: 94bbb74a-c991-4b07-8174-e3fadfbf2c08] with host: qzocpqx.mi36866.snowflakecomputing.com, account: qzocpqx, accessUrl: https://qzocpqx.mi36866.snowflakecomputing.com, user: SOOUBH, role: undefined, database: INVENTORYDB, schema: SUPPLY_CHAIN, warehouse: COMPUTE_WH, proxy was not configured, password is not provided, region: mi36866, authenticator: EXTERNALBROWSER, ocsp mode: FAIL_OPEN, os: win32, os version: 10.0.19045"}
{"level":"INFO","message":"[12:45:34.183 AM]: Connection[id: 94bbb74a-c991-4b07-8174-e3fadfbf2c08] additional details: passcode in password is provided, passcode is not provided, private key is not provided, application: undefined, client name: snowflake-sdk, client version: 2.3.3, retry timeout: 300, private key path: undefined, private key pass is not provided, client store temporary credential: false, browser response timeout: 120000"}
{"level":"INFO","message":"[12:45:34.187 AM]: Connection[id: 94bbb74a-c991-4b07-8174-e3fadfbf2c08] - connection object created successfully."}
{"level":"INFO","message":"[12:45:34.188 AM]: Connection[id: 94bbb74a-c991-4b07-8174-e3fadfbf2c08] - connecting. Associated Snowflake domain: GLOBAL"}
{"level":"ERROR","message":"[12:45:34.190 AM]: Connection[id: 94bbb74a-c991-4b07-8174-e3fadfbf2c08] - connecting failed after 1.27 milliseconds.Error: External browser and Okta are not compatible with connection process"}
{"level":"INFO","message":"[12:48:41.054 AM]: Creating new connection object"}
{"level":"INFO","message":"[12:48:41.074 AM]: Creating Connection[id: 23e103ae-70bb-417b-873e-11bf9d1c13aa] with host: qzocpqx.mi36866.snowflakecomputing.com, account: qzocpqx, accessUrl: https://qzocpqx.mi36866.snowflakecomputing.com, user: SOOUBH, role: undefined, database: INVENTORYDB, schema: SUPPLY_CHAIN, warehouse: COMPUTE_WH, proxy was not configured, password is not provided, region: mi36866, authenticator: EXTERNALBROWSER, ocsp mode: FAIL_OPEN, os: win32, os version: 10.0.19045"}
{"level":"INFO","message":"[12:48:41.083 AM]: Connection[id: 23e103ae-70bb-417b-873e-11bf9d1c13aa] additional details: passcode in password is provided, passcode is not provided, private key is not provided, application: undefined, client name: snowflake-sdk, client version: 2.3.3, retry timeout: 300, private key path: undefined, private key pass is not provided, client store temporary credential: false, browser response timeout: 120000"}
{"level":"INFO","message":"[12:48:41.084 AM]: Connection[id: 23e103ae-70bb-417b-873e-11bf9d1c13aa] - connection object created successfully."}
{"level":"INFO","message":"[12:48:41.086 AM]: Connection[id: 23e103ae-70bb-417b-873e-11bf9d1c13aa] - connecting. Associated Snowflake domain: GLOBAL"}
{"level":"ERROR","message":"[12:48:41.087 AM]: Connection[id: 23e103ae-70bb-417b-873e-11bf9d1c13aa] - connecting failed after 1.26 milliseconds.Error: External browser and Okta are not compatible with connection process"}
{"level":"INFO","message":"[12:49:54.810 AM]: Creating new connection object"}
{"level":"INFO","message":"[12:49:54.816 AM]: Creating Connection[id: 061b723b-d413-4236-a20a-826a17904984] with host: qzocpqx.mi36866.snowflakecomputing.com, account: qzocpqx, accessUrl: https://qzocpqx.mi36866.snowflakecomputing.com, user: SOOUBH, role: undefined, database: INVENTORYDB, schema: SUPPLY_CHAIN, warehouse: COMPUTE_WH, proxy was not configured, password is provided, region: mi36866, authenticator: SNOWFLAKE, ocsp mode: FAIL_OPEN, os: win32, os version: 10.0.19045"}
{"level":"INFO","message":"[12:49:54.817 AM]: Connection[id: 061b723b-d413-4236-a20a-826a17904984] additional details: passcode in password is provided, passcode is not provided, private key is not provided, application: undefined, client name: snowflake-sdk, client version: 2.3.3, retry timeout: 300, private key path: undefined, private key pass is not provided, client store temporary credential: false, browser response timeout: 120000"}
{"level":"INFO","message":"[12:49:54.818 AM]: Connection[id: 061b723b-d413-4236-a20a-826a17904984] - connection object created successfully."}
{"level":"INFO","message":"[12:49:54.818 AM]: Connection[id: 061b723b-d413-4236-a20a-826a17904984] - connecting. Associated Snowflake domain: GLOBAL"}
{"level":"INFO","message":"[12:49:54.820 AM]: Connection[id: 061b723b-d413-4236-a20a-826a17904984] - authentication successful using: SNOWFLAKE"}
{"level":"INFO","message":"[12:49:54.821 AM]: Trying to initialize Easy Logging"}
{"level":"INFO","message":"[12:49:54.860 AM]: No client config detected."}
{"level":"INFO","message":"[12:49:54.861 AM]: No config file path found. Client config will not be used."}
{"level":"INFO","message":"[12:49:54.862 AM]: Easy Logging is disabled as no config has been found"}
{"level":"INFO","message":"[12:51:17.195 AM]: Creating new connection object"}
{"level":"INFO","message":"[12:51:17.216 AM]: Creating Connection[id: 2762bb99-afb7-4799-8954-beb91be18786] with host: qzocpqx.mi36866.snowflakecomputing.com, account: qzocpqx, accessUrl: https://qzocpqx.mi36866.snowflakecomputing.com, user: SOOUBH, role: undefined, database: INVENTORYDB, schema: SUPPLY_CHAIN, warehouse: COMPUTE_WH, proxy was not configured, password is provided, region: mi36866, authenticator: SNOWFLAKE, ocsp mode: FAIL_OPEN, os: win32, os version: 10.0.19045"}
{"level":"INFO","message":"[12:51:17.218 AM]: Connection[id: 2762bb99-afb7-4799-8954-beb91be18786] additional details: passcode in password is provided, passcode is not provided, private key is not provided, application: undefined, client name: snowflake-sdk, client version: 2.3.3, retry timeout: 300, private key path: undefined, private key pass is not provided, client store temporary credential: false, browser response timeout: 120000"}
{"level":"INFO","message":"[12:51:17.219 AM]: Connection[id: 2762bb99-afb7-4799-8954-beb91be18786] - connection object created successfully."}
{"level":"INFO","message":"[12:51:17.222 AM]: Connection[id: 2762bb99-afb7-4799-8954-beb91be18786] - connecting. Associated Snowflake domain: GLOBAL"}
{"level":"INFO","message":"[12:51:17.230 AM]: Connection[id: 2762bb99-afb7-4799-8954-beb91be18786] - authentication successful using: SNOWFLAKE"}
{"level":"INFO","message":"[12:51:17.232 AM]: Trying to initialize Easy Logging"}
{"level":"INFO","message":"[12:51:17.884 AM]: No client config detected."}
{"level":"INFO","message":"[12:51:17.930 AM]: No config file path found. Client config will not be used."}
{"level":"INFO","message":"[12:51:17.932 AM]: Easy Logging is disabled as no config has been found"}
{"level":"ERROR","message":"[12:54:54.810 AM]: Connection[id: 2762bb99-afb7-4799-8954-beb91be18786] - connection failed after 217584.96 milliseconds. Error: Hostname/IP does not match certificate's altnames: Host: qzocpqx.mi36866.snowflakecomputing.com. is not in the cert's altnames: DNS:*.prod3.us-west-2.snowflakecomputing.com, DNS:*.us-west-2.snowflakecomputing.com, DNS:*.global.snowflakecomputing.com, DNS:*.snowflakecomputing.com, DNS:*.prod3.us-west-2.aws.snowflakecomputing.com"}
{"level":"INFO","message":"[12:55:37.459 AM]: Creating new connection object"}
{"level":"INFO","message":"[12:55:37.496 AM]: Creating Connection[id: 9d168ec1-cc09-4d54-a5f4-73463a75246c] with host: qzocpqx.mi36866.snowflakecomputing.com, account: qzocpqx, accessUrl: https://qzocpqx.mi36866.snowflakecomputing.com, user: SOOUBH, role: undefined, database: INVENTORYDB, schema: SUPPLY_CHAIN, warehouse: COMPUTE_WH, proxy was not configured, password is provided, region: mi36866, authenticator: SNOWFLAKE, ocsp mode: FAIL_OPEN, os: win32, os version: 10.0.19045"}
{"level":"INFO","message":"[12:55:37.500 AM]: Connection[id: 9d168ec1-cc09-4d54-a5f4-73463a75246c] additional details: passcode in password is provided, passcode is not provided, private key is not provided, application: undefined, client name: snowflake-sdk, client version: 2.3.3, retry timeout: 300, private key path: undefined, private key pass is not provided, client store temporary credential: false, browser response timeout: 120000"}
{"level":"INFO","message":"[12:55:37.566 AM]: Connection[id: 9d168ec1-cc09-4d54-a5f4-73463a75246c] - connection object created successfully."}
{"level":"INFO","message":"[12:55:37.585 AM]: Connection[id: 9d168ec1-cc09-4d54-a5f4-73463a75246c] - connecting. Associated Snowflake domain: GLOBAL"}
{"level":"INFO","message":"[12:55:37.589 AM]: Connection[id: 9d168ec1-cc09-4d54-a5f4-73463a75246c] - authentication successful using: SNOWFLAKE"}
{"level":"INFO","message":"[12:55:37.685 AM]: Trying to initialize Easy Logging"}
{"level":"INFO","message":"[12:55:37.774 AM]: No client config detected."}
{"level":"INFO","message":"[12:55:37.776 AM]: No config file path found. Client config will not be used."}
{"level":"INFO","message":"[12:55:37.778 AM]: Easy Logging is disabled as no config has been found"}
{"level":"ERROR","message":"[12:58:34.896 AM]: Connection[id: 9d168ec1-cc09-4d54-a5f4-73463a75246c] - connection failed after 177310.26 milliseconds. Error: Hostname/IP does not match certificate's altnames: Host: qzocpqx.mi36866.snowflakecomputing.com. is not in the cert's altnames: DNS:*.prod3.us-west-2.snowflakecomputing.com, DNS:*.us-west-2.snowflakecomputing.com, DNS:*.global.snowflakecomputing.com, DNS:*.snowflakecomputing.com, DNS:*.prod3.us-west-2.aws.snowflakecomputing.com"}
{"level":"INFO","message":"[1:32:43.236 AM]: Creating new connection object"}
{"level":"INFO","message":"[1:32:43.252 AM]: Creating Connection[id: 2b27157c-9b67-4f2c-9d5a-2f5f7680f7e0] with host: qzocpqx-mi36866.snowflakecomputing.com, account: qzocpqx-mi36866, accessUrl: https://qzocpqx-mi36866.snowflakecomputing.com, user: SOOUBH, role: undefined, database: INVENTORYDB, schema: SUPPLY_CHAIN, warehouse: COMPUTE_WH, proxy was not configured, password is provided, region: undefined, authenticator: SNOWFLAKE, ocsp mode: FAIL_OPEN, os: win32, os version: 10.0.19045"}
{"level":"INFO","message":"[1:32:43.253 AM]: Connection[id: 2b27157c-9b67-4f2c-9d5a-2f5f7680f7e0] additional details: passcode in password is provided, passcode is not provided, private key is not provided, application: undefined, client name: snowflake-sdk, client version: 2.3.3, retry timeout: 300, private key path: undefined, private key pass is not provided, client store temporary credential: false, browser response timeout: 120000"}
{"level":"INFO","message":"[1:32:43.255 AM]: Connection[id: 2b27157c-9b67-4f2c-9d5a-2f5f7680f7e0] - connection object created successfully."}
{"level":"INFO","message":"[1:32:43.256 AM]: Connection[id: 2b27157c-9b67-4f2c-9d5a-2f5f7680f7e0] - connecting. Associated Snowflake domain: GLOBAL"}
{"level":"INFO","message":"[1:32:43.261 AM]: Connection[id: 2b27157c-9b67-4f2c-9d5a-2f5f7680f7e0] - authentication successful using: SNOWFLAKE"}
{"level":"INFO","message":"[1:32:43.262 AM]: Trying to initialize Easy Logging"}
{"level":"INFO","message":"[1:32:43.307 AM]: No client config detected."}
{"level":"INFO","message":"[1:32:43.307 AM]: No config file path found. Client config will not be used."}
{"level":"INFO","message":"[1:32:43.309 AM]: Easy Logging is disabled as no config has been found"}
{"level":"INFO","message":"[1:32:45.850 AM]: Connection[id: 2b27157c-9b67-4f2c-9d5a-2f5f7680f7e0] - connection established successfully after 2593.47 milliseconds"}
{"level":"INFO","message":"[1:33:48.992 AM]: Creating new connection object"}
{"level":"INFO","message":"[1:33:49.017 AM]: Creating Connection[id: c95a3081-1367-471f-b691-c6a8f6339264] with host: qzocpqx-mi36866.snowflakecomputing.com, account: qzocpqx-mi36866, accessUrl: https://qzocpqx-mi36866.snowflakecomputing.com, user: SOOUBH, role: undefined, database: INVENTORYDB, schema: SUPPLY_CHAIN, warehouse: COMPUTE_WH, proxy was not configured, password is provided, region: undefined, authenticator: SNOWFLAKE, ocsp mode: FAIL_OPEN, os: win32, os version: 10.0.19045"}
{"level":"INFO","message":"[1:33:49.025 AM]: Connection[id: c95a3081-1367-471f-b691-c6a8f6339264] additional details: passcode in password is provided, passcode is not provided, private key is not provided, application: undefined, client name: snowflake-sdk, client version: 2.3.3, retry timeout: 300, private key path: undefined, private key pass is not provided, client store temporary credential: false, browser response timeout: 120000"}
{"level":"INFO","message":"[1:33:49.026 AM]: Connection[id: c95a3081-1367-471f-b691-c6a8f6339264] - connection object created successfully."}
{"level":"INFO","message":"[1:33:49.027 AM]: Connection[id: c95a3081-1367-471f-b691-c6a8f6339264] - connecting. Associated Snowflake domain: GLOBAL"}
{"level":"INFO","message":"[1:33:49.031 AM]: Connection[id: c95a3081-1367-471f-b691-c6a8f6339264] - authentication successful using: SNOWFLAKE"}
{"level":"INFO","message":"[1:33:49.032 AM]: Trying to initialize Easy Logging"}
{"level":"INFO","message":"[1:33:49.893 AM]: No client config detected."}
{"level":"INFO","message":"[1:33:49.893 AM]: No config file path found. Client config will not be used."}
{"level":"INFO","message":"[1:33:49.895 AM]: Easy Logging is disabled as no config has been found"}
{"level":"INFO","message":"[1:33:51.295 AM]: Connection[id: c95a3081-1367-471f-b691-c6a8f6339264] - connection established successfully after 2267.97 milliseconds"}
{"level":"INFO","message":"[1:34:37.457 AM]: Creating new connection object"}
{"level":"INFO","message":"[1:34:37.478 AM]: Creating Connection[id: bea99f94-1564-4297-909b-4f7d586ad101] with host: qzocpqx-mi36866.snowflakecomputing.com, account: qzocpqx-mi36866, accessUrl: https://qzocpqx-mi36866.snowflakecomputing.com, user: SOOUBH, role: undefined, database: INVENTORYDB, schema: SUPPLY_CHAIN, warehouse: COMPUTE_WH, proxy was not configured, password is provided, region: undefined, authenticator: SNOWFLAKE, ocsp mode: FAIL_OPEN, os: win32, os version: 10.0.19045"}
{"level":"INFO","message":"[1:34:37.482 AM]: Connection[id: bea99f94-1564-4297-909b-4f7d586ad101] additional details: passcode in password is provided, passcode is not provided, private key is not provided, application: undefined, client name: snowflake-sdk, client version: 2.3.3, retry timeout: 300, private key path: undefined, private key pass is not provided, client store temporary credential: false, browser response timeout: 120000"}
{"level":"INFO","message":"[1:34:37.487 AM]: Connection[id: bea99f94-1564-4297-909b-4f7d586ad101] - connection object created successfully."}
{"level":"INFO","message":"[1:34:37.488 AM]: Connection[id: bea99f94-1564-4297-909b-4f7d586ad101] - connecting. Associated Snowflake domain: GLOBAL"}
{"level":"INFO","message":"[1:34:37.490 AM]: Connection[id: bea99f94-1564-4297-909b-4f7d586ad101] - authentication successful using: SNOWFLAKE"}
{"level":"INFO","message":"[1:34:37.492 AM]: Trying to initialize Easy Logging"}
{"level":"INFO","message":"[1:34:37.557 AM]: No client config detected."}
{"level":"INFO","message":"[1:34:37.558 AM]: No config file path found. Client config will not be used."}
{"level":"INFO","message":"[1:34:37.559 AM]: Easy Logging is disabled as no config has been found"}
{"level":"INFO","message":"[1:34:38.741 AM]: Connection[id: bea99f94-1564-4297-909b-4f7d586ad101] - connection established successfully after 1253.22 milliseconds"}
{"level":"INFO","message":"[1:40:53.696 AM]: Creating new connection object"}
{"level":"INFO","message":"[1:40:53.721 AM]: Creating Connection[id: 58e480bf-59bc-43ad-9526-99dfd4230967] with host: qzocpqx-mi36866.snowflakecomputing.com, account: qzocpqx-mi36866, accessUrl: https://qzocpqx-mi36866.snowflakecomputing.com, user: SOOUBH, role: undefined, database: INVENTORYDB, schema: SUPPLY_CHAIN, warehouse: COMPUTE_WH, proxy was not configured, password is provided, region: undefined, authenticator: SNOWFLAKE, ocsp mode: FAIL_OPEN, os: win32, os version: 10.0.19045"}
{"level":"INFO","message":"[1:40:53.723 AM]: Connection[id: 58e480bf-59bc-43ad-9526-99dfd4230967] additional details: passcode in password is provided, passcode is not provided, private key is not provided, application: undefined, client name: snowflake-sdk, client version: 2.3.3, retry timeout: 300, private key path: undefined, private key pass is not provided, client store temporary credential: false, browser response timeout: 120000"}
{"level":"INFO","message":"[1:40:53.725 AM]: Connection[id: 58e480bf-59bc-43ad-9526-99dfd4230967] - connection object created successfully."}
{"level":"INFO","message":"[1:40:53.727 AM]: Connection[id: 58e480bf-59bc-43ad-9526-99dfd4230967] - connecting. Associated Snowflake domain: GLOBAL"}
{"level":"INFO","message":"[1:40:53.731 AM]: Connection[id: 58e480bf-59bc-43ad-9526-99dfd4230967] - authentication successful using: SNOWFLAKE"}
{"level":"INFO","message":"[1:40:53.733 AM]: Trying to initialize Easy Logging"}
{"level":"INFO","message":"[1:40:53.876 AM]: No client config detected."}
{"level":"INFO","message":"[1:40:53.878 AM]: No config file path found. Client config will not be used."}
{"level":"INFO","message":"[1:40:53.879 AM]: Easy Logging is disabled as no config has been found"}
{"level":"INFO","message":"[1:40:55.318 AM]: Connection[id: 58e480bf-59bc-43ad-9526-99dfd4230967] - connection established successfully after 1590.56 milliseconds"}
{"level":"INFO","message":"[1:45:05.008 AM]: Creating new connection object"}
{"level":"INFO","message":"[1:45:05.238 AM]: Creating Connection[id: 71beb1a3-6b54-4d35-8d8e-e19e0d7412e3] with host: qzocpqx-mi36866.snowflakecomputing.com, account: qzocpqx-mi36866, accessUrl: https://qzocpqx-mi36866.snowflakecomputing.com, user: SOOUBH, role: undefined, database: INVENTORYDB, schema: SUPPLY_CHAIN, warehouse: COMPUTE_WH, proxy was not configured, password is provided, region: undefined, authenticator: SNOWFLAKE, ocsp mode: FAIL_OPEN, os: win32, os version: 10.0.19045"}
{"level":"INFO","message":"[1:45:05.241 AM]: Connection[id: 71beb1a3-6b54-4d35-8d8e-e19e0d7412e3] additional details: passcode in password is provided, passcode is not provided, private key is not provided, application: undefined, client name: snowflake-sdk, client version: 2.3.3, retry timeout: 300, private key path: undefined, private key pass is not provided, client store temporary credential: false, browser response timeout: 120000"}
{"level":"INFO","message":"[1:45:05.243 AM]: Connection[id: 71beb1a3-6b54-4d35-8d8e-e19e0d7412e3] - connection object created successfully."}
{"level":"INFO","message":"[1:45:05.253 AM]: Connection[id: 71beb1a3-6b54-4d35-8d8e-e19e0d7412e3] - connecting. Associated Snowflake domain: GLOBAL"}
{"level":"INFO","message":"[1:45:05.255 AM]: Connection[id: 71beb1a3-6b54-4d35-8d8e-e19e0d7412e3] - authentication successful using: SNOWFLAKE"}
{"level":"INFO","message":"[1:45:05.256 AM]: Trying to initialize Easy Logging"}
{"level":"INFO","message":"[1:45:05.305 AM]: No client config detected."}
{"level":"INFO","message":"[1:45:05.308 AM]: No config file path found. Client config will not be used."}
{"level":"INFO","message":"[1:45:05.309 AM]: Easy Logging is disabled as no config has been found"}
{"level":"INFO","message":"[1:45:08.624 AM]: Connection[id: 71beb1a3-6b54-4d35-8d8e-e19e0d7412e3] - connection established successfully after 3371 milliseconds"}
{"level":"INFO","message":"[1:49:09.174 AM]: Creating new connection object"}
{"level":"INFO","message":"[1:49:09.208 AM]: Creating Connection[id: 7c5b3587-989f-4220-be25-b8f47713cff5] with host: qzocpqx-mi36866.snowflakecomputing.com, account: qzocpqx-mi36866, accessUrl: https://qzocpqx-mi36866.snowflakecomputing.com, user: SOOUBH, role: undefined, database: INVENTORYDB, schema: SUPPLY_CHAIN, warehouse: COMPUTE_WH, proxy was not configured, password is provided, region: undefined, authenticator: SNOWFLAKE, ocsp mode: FAIL_OPEN, os: win32, os version: 10.0.19045"}
{"level":"INFO","message":"[1:49:09.211 AM]: Connection[id: 7c5b3587-989f-4220-be25-b8f47713cff5] additional details: passcode in password is provided, passcode is not provided, private key is not provided, application: undefined, client name: snowflake-sdk, client version: 2.3.3, retry timeout: 300, private key path: undefined, private key pass is not provided, client store temporary credential: false, browser response timeout: 120000"}
{"level":"INFO","message":"[1:49:09.213 AM]: Connection[id: 7c5b3587-989f-4220-be25-b8f47713cff5] - connection object created successfully."}
{"level":"INFO","message":"[1:49:09.222 AM]: Connection[id: 7c5b3587-989f-4220-be25-b8f47713cff5] - connecting. Associated Snowflake domain: GLOBAL"}
{"level":"INFO","message":"[1:49:09.229 AM]: Connection[id: 7c5b3587-989f-4220-be25-b8f47713cff5] - authentication successful using: SNOWFLAKE"}
{"level":"INFO","message":"[1:49:09.234 AM]: Trying to initialize Easy Logging"}
{"level":"INFO","message":"[1:49:09.338 AM]: No client config detected."}
{"level":"INFO","message":"[1:49:09.343 AM]: No config file path found. Client config will not be used."}
{"level":"INFO","message":"[1:49:09.346 AM]: Easy Logging is disabled as no config has been found"}
{"level":"INFO","message":"[1:49:10.432 AM]: Connection[id: 7c5b3587-989f-4220-be25-b8f47713cff5] - connection established successfully after 1210.08 milliseconds"}
{"level":"INFO","message":"[1:49:31.426 AM]: Creating new connection object"}
{"level":"INFO","message":"[1:49:31.444 AM]: Creating Connection[id: 8b230974-8f71-489c-bc0d-a3521207f719] with host: qzocpqx-mi36866.snowflakecomputing.com, account: qzocpqx-mi36866, accessUrl: https://qzocpqx-mi36866.snowflakecomputing.com, user: SOOUBH, role: undefined, database: INVENTORYDB, schema: SUPPLY_CHAIN, warehouse: COMPUTE_WH, proxy was not configured, password is provided, region: undefined, authenticator: SNOWFLAKE, ocsp mode: FAIL_OPEN, os: win32, os version: 10.0.19045"}
{"level":"INFO","message":"[1:49:31.451 AM]: Connection[id: 8b230974-8f71-489c-bc0d-a3521207f719] additional details: passcode in password is provided, passcode is not provided, private key is not provided, application: undefined, client name: snowflake-sdk, client version: 2.3.3, retry timeout: 300, private key path: undefined, private key pass is not provided, client store temporary credential: false, browser response timeout: 120000"}
{"level":"INFO","message":"[1:49:31.452 AM]: Connection[id: 8b230974-8f71-489c-bc0d-a3521207f719] - connection object created successfully."}
{"level":"INFO","message":"[1:49:31.453 AM]: Connection[id: 8b230974-8f71-489c-bc0d-a3521207f719] - connecting. Associated Snowflake domain: GLOBAL"}
{"level":"INFO","message":"[1:49:31.455 AM]: Connection[id: 8b230974-8f71-489c-bc0d-a3521207f719] - authentication successful using: SNOWFLAKE"}
{"level":"INFO","message":"[1:49:31.457 AM]: Trying to initialize Easy Logging"}
{"level":"INFO","message":"[1:49:31.540 AM]: No client config detected."}
{"level":"INFO","message":"[1:49:31.541 AM]: No config file path found. Client config will not be used."}
{"level":"INFO","message":"[1:49:31.543 AM]: Easy Logging is disabled as no config has been found"}
{"level":"INFO","message":"[1:49:32.537 AM]: Connection[id: 8b230974-8f71-489c-bc0d-a3521207f719] - connection established successfully after 1084.17 milliseconds"}
{"level":"INFO","message":"[1:52:16.007 AM]: Creating new connection object"}
{"level":"INFO","message":"[1:52:16.051 AM]: Creating Connection[id: eb64106d-104b-43cb-958e-9a3780a9443f] with host: qzocpqx-mi36866.snowflakecomputing.com, account: qzocpqx-mi36866, accessUrl: https://qzocpqx-mi36866.snowflakecomputing.com, user: SOOUBH, role: undefined, database: INVENTORYDB, schema: SUPPLY_CHAIN, warehouse: COMPUTE_WH, proxy was not configured, password is provided, region: undefined, authenticator: SNOWFLAKE, ocsp mode: FAIL_OPEN, os: win32, os version: 10.0.19045"}
{"level":"INFO","message":"[1:52:16.058 AM]: Connection[id: eb64106d-104b-43cb-958e-9a3780a9443f] additional details: passcode in password is provided, passcode is not provided, private key is not provided, application: undefined, client name: snowflake-sdk, client version: 2.3.3, retry timeout: 300, private key path: undefined, private key pass is not provided, client store temporary credential: false, browser response timeout: 120000"}
{"level":"INFO","message":"[1:52:16.062 AM]: Connection[id: eb64106d-104b-43cb-958e-9a3780a9443f] - connection object created successfully."}
{"level":"INFO","message":"[1:52:16.066 AM]: Connection[id: eb64106d-104b-43cb-958e-9a3780a9443f] - connecting. Associated Snowflake domain: GLOBAL"}
{"level":"INFO","message":"[1:52:16.073 AM]: Connection[id: eb64106d-104b-43cb-958e-9a3780a9443f] - authentication successful using: SNOWFLAKE"}
{"level":"INFO","message":"[1:52:16.078 AM]: Trying to initialize Easy Logging"}
{"level":"INFO","message":"[1:52:16.256 AM]: No client config detected."}
{"level":"INFO","message":"[1:52:16.305 AM]: No config file path found. Client config will not be used."}
{"level":"INFO","message":"[1:52:16.333 AM]: Easy Logging is disabled as no config has been found"}
{"level":"INFO","message":"[1:52:19.705 AM]: Connection[id: eb64106d-104b-43cb-958e-9a3780a9443f] - connection established successfully after 3639.63 milliseconds"}
{"level":"INFO","message":"[1:56:49.366 AM]: Creating new connection object"}
{"level":"INFO","message":"[1:56:49.416 AM]: Creating Connection[id: a3fb4258-130f-4236-9fda-4d3b2815cef9] with host: qzocpqx-mi36866.snowflakecomputing.com, account: qzocpqx-mi36866, accessUrl: https://qzocpqx-mi36866.snowflakecomputing.com, user: SOOUBH, role: undefined, database: INVENTORYDB, schema: SUPPLY_CHAIN, warehouse: COMPUTE_WH, proxy was not configured, password is provided, region: undefined, authenticator: SNOWFLAKE, ocsp mode: FAIL_OPEN, os: win32, os version: 10.0.19045"}
{"level":"INFO","message":"[1:56:49.427 AM]: Connection[id: a3fb4258-130f-4236-9fda-4d3b2815cef9] additional details: passcode in password is provided, passcode is not provided, private key is not provided, application: undefined, client name: snowflake-sdk, client version: 2.3.3, retry timeout: 300, private key path: undefined, private key pass is not provided, client store temporary credential: false, browser response timeout: 120000"}
{"level":"INFO","message":"[1:56:49.429 AM]: Connection[id: a3fb4258-130f-4236-9fda-4d3b2815cef9] - connection object created successfully."}
{"level":"INFO","message":"[1:56:49.431 AM]: Connection[id: a3fb4258-130f-4236-9fda-4d3b2815cef9] - connecting. Associated Snowflake domain: GLOBAL"}
{"level":"INFO","message":"[1:56:49.447 AM]: Connection[id: a3fb4258-130f-4236-9fda-4d3b2815cef9] - authentication successful using: SNOWFLAKE"}
{"level":"INFO","message":"[1:56:49.450 AM]: Trying to initialize Easy Logging"}
{"level":"INFO","message":"[1:56:49.692 AM]: No client config detected."}
{"level":"INFO","message":"[1:56:49.726 AM]: No config file path found. Client config will not be used."}
{"level":"INFO","message":"[1:56:49.728 AM]: Easy Logging is disabled as no config has been found"}
{"level":"INFO","message":"[1:56:50.981 AM]: Connection[id: a3fb4258-130f-4236-9fda-4d3b2815cef9] - connection established successfully after 1550.13 milliseconds"}
{"level":"INFO","message":"[1:59:19.462 AM]: Creating new connection object"}
{"level":"INFO","message":"[1:59:19.485 AM]: Creating Connection[id: b60dd2ab-d47a-4207-bc39-c6caf9a6b955] with host: qzocpqx-mi36866.snowflakecomputing.com, account: qzocpqx-mi36866, accessUrl: https://qzocpqx-mi36866.snowflakecomputing.com, user: SOOUBH, role: undefined, database: INVENTORYDB, schema: SUPPLY_CHAIN, warehouse: COMPUTE_WH, proxy was not configured, password is provided, region: undefined, authenticator: SNOWFLAKE, ocsp mode: FAIL_OPEN, os: win32, os version: 10.0.19045"}
{"level":"INFO","message":"[1:59:19.488 AM]: Connection[id: b60dd2ab-d47a-4207-bc39-c6caf9a6b955] additional details: passcode in password is provided, passcode is not provided, private key is not provided, application: undefined, client name: snowflake-sdk, client version: 2.3.3, retry timeout: 300, private key path: undefined, private key pass is not provided, client store temporary credential: false, browser response timeout: 120000"}
{"level":"INFO","message":"[1:59:19.490 AM]: Connection[id: b60dd2ab-d47a-4207-bc39-c6caf9a6b955] - connection object created successfully."}
{"level":"INFO","message":"[1:59:19.491 AM]: Connection[id: b60dd2ab-d47a-4207-bc39-c6caf9a6b955] - connecting. Associated Snowflake domain: GLOBAL"}
{"level":"INFO","message":"[1:59:19.503 AM]: Connection[id: b60dd2ab-d47a-4207-bc39-c6caf9a6b955] - authentication successful using: SNOWFLAKE"}
{"level":"INFO","message":"[1:59:19.523 AM]: Trying to initialize Easy Logging"}
{"level":"INFO","message":"[1:59:19.674 AM]: No client config detected."}
{"level":"INFO","message":"[1:59:19.717 AM]: No config file path found. Client config will not be used."}
{"level":"INFO","message":"[1:59:19.723 AM]: Easy Logging is disabled as no config has been found"}
{"level":"INFO","message":"[1:59:20.800 AM]: Connection[id: b60dd2ab-d47a-4207-bc39-c6caf9a6b955] - connection established successfully after 1309.07 milliseconds"}
{"level":"INFO","message":"[2:05:13.982 AM]: Creating new connection object"}
{"level":"INFO","message":"[2:05:14.048 AM]: Creating Connection[id: 3ebf8036-21f6-4ea6-ad19-e6389c70a9ab] with host: qzocpqx-mi36866.snowflakecomputing.com, account: qzocpqx-mi36866, accessUrl: https://qzocpqx-mi36866.snowflakecomputing.com, user: SOOUBH, role: undefined, database: INVENTORYDB, schema: SUPPLY_CHAIN, warehouse: COMPUTE_WH, proxy was not configured, password is provided, region: undefined, authenticator: SNOWFLAKE, ocsp mode: FAIL_OPEN, os: win32, os version: 10.0.19045"}
{"level":"INFO","message":"[2:05:14.069 AM]: Connection[id: 3ebf8036-21f6-4ea6-ad19-e6389c70a9ab] additional details: passcode in password is provided, passcode is not provided, private key is not provided, application: undefined, client name: snowflake-sdk, client version: 2.3.3, retry timeout: 300, private key path: undefined, private key pass is not provided, client store temporary credential: false, browser response timeout: 120000"}
{"level":"INFO","message":"[2:05:14.104 AM]: Connection[id: 3ebf8036-21f6-4ea6-ad19-e6389c70a9ab] - connection object created successfully."}
{"level":"INFO","message":"[2:05:14.137 AM]: Connection[id: 3ebf8036-21f6-4ea6-ad19-e6389c70a9ab] - connecting. Associated Snowflake domain: GLOBAL"}
{"level":"INFO","message":"[2:05:14.162 AM]: Connection[id: 3ebf8036-21f6-4ea6-ad19-e6389c70a9ab] - authentication successful using: SNOWFLAKE"}
{"level":"INFO","message":"[2:05:14.180 AM]: Trying to initialize Easy Logging"}
{"level":"INFO","message":"[2:05:14.245 AM]: No client config detected."}
{"level":"INFO","message":"[2:05:14.249 AM]: No config file path found. Client config will not be used."}
{"level":"INFO","message":"[2:05:14.251 AM]: Easy Logging is disabled as no config has been found"}
{"level":"INFO","message":"[2:05:15.292 AM]: Connection[id: 3ebf8036-21f6-4ea6-ad19-e6389c70a9ab] - connection established successfully after 1155.16 milliseconds"}
{"level":"INFO","message":"[2:06:32.428 AM]: Creating new connection object"}
{"level":"INFO","message":"[2:06:32.433 AM]: Creating Connection[id: a1ac8903-0a22-4d1b-b986-751e6d4efebd] with host: qzocpqx-mi36866.snowflakecomputing.com, account: qzocpqx-mi36866, accessUrl: https://qzocpqx-mi36866.snowflakecomputing.com, user: SOOUBH, role: undefined, database: INVENTORYDB, schema: SUPPLY_CHAIN, warehouse: COMPUTE_WH, proxy was not configured, password is provided, region: undefined, authenticator: SNOWFLAKE, ocsp mode: FAIL_OPEN, os: win32, os version: 10.0.19045"}
{"level":"INFO","message":"[2:06:32.434 AM]: Connection[id: a1ac8903-0a22-4d1b-b986-751e6d4efebd] additional details: passcode in password is provided, passcode is not provided, private key is not provided, application: undefined, client name: snowflake-sdk, client version: 2.3.3, retry timeout: 300, private key path: undefined, private key pass is not provided, client store temporary credential: false, browser response timeout: 120000"}
{"level":"INFO","message":"[2:06:32.435 AM]: Connection[id: a1ac8903-0a22-4d1b-b986-751e6d4efebd] - connection object created successfully."}
{"level":"INFO","message":"[2:06:32.436 AM]: Connection[id: a1ac8903-0a22-4d1b-b986-751e6d4efebd] - connecting. Associated Snowflake domain: GLOBAL"}
{"level":"INFO","message":"[2:06:32.439 AM]: Connection[id: a1ac8903-0a22-4d1b-b986-751e6d4efebd] - authentication successful using: SNOWFLAKE"}
{"level":"INFO","message":"[2:06:32.439 AM]: Trying to initialize Easy Logging"}
{"level":"INFO","message":"[2:06:32.451 AM]: No client config detected."}
{"level":"INFO","message":"[2:06:32.452 AM]: No config file path found. Client config will not be used."}
{"level":"INFO","message":"[2:06:32.454 AM]: Easy Logging is disabled as no config has been found"}
{"level":"INFO","message":"[2:06:33.528 AM]: Connection[id: a1ac8903-0a22-4d1b-b986-751e6d4efebd] - connection established successfully after 1092.04 milliseconds"}
{"level":"INFO","message":"[2:06:39.278 AM]: Creating new connection object"}
{"level":"INFO","message":"[2:06:39.284 AM]: Creating Connection[id: 054e5b68-dcfc-4115-922a-791044b2a792] with host: qzocpqx-mi36866.snowflakecomputing.com, account: qzocpqx-mi36866, accessUrl: https://qzocpqx-mi36866.snowflakecomputing.com, user: SOOUBH, role: undefined, database: INVENTORYDB, schema: SUPPLY_CHAIN, warehouse: COMPUTE_WH, proxy was not configured, password is provided, region: undefined, authenticator: SNOWFLAKE, ocsp mode: FAIL_OPEN, os: win32, os version: 10.0.19045"}
{"level":"INFO","message":"[2:06:39.286 AM]: Connection[id: 054e5b68-dcfc-4115-922a-791044b2a792] additional details: passcode in password is provided, passcode is not provided, private key is not provided, application: undefined, client name: snowflake-sdk, client version: 2.3.3, retry timeout: 300, private key path: undefined, private key pass is not provided, client store temporary credential: false, browser response timeout: 120000"}
{"level":"INFO","message":"[2:06:39.288 AM]: Connection[id: 054e5b68-dcfc-4115-922a-791044b2a792] - connection object created successfully."}
{"level":"INFO","message":"[2:06:39.289 AM]: Connection[id: 054e5b68-dcfc-4115-922a-791044b2a792] - connecting. Associated Snowflake domain: GLOBAL"}
{"level":"INFO","message":"[2:06:39.299 AM]: Connection[id: 054e5b68-dcfc-4115-922a-791044b2a792] - authentication successful using: SNOWFLAKE"}
{"level":"INFO","message":"[2:06:39.300 AM]: Trying to initialize Easy Logging"}
{"level":"INFO","message":"[2:06:39.321 AM]: No client config detected."}
{"level":"INFO","message":"[2:06:39.322 AM]: No config file path found. Client config will not be used."}
{"level":"INFO","message":"[2:06:39.323 AM]: Easy Logging is disabled as no config has been found"}
{"level":"INFO","message":"[2:06:40.848 AM]: Connection[id: 054e5b68-dcfc-4115-922a-791044b2a792] - connection established successfully after 1559.04 milliseconds"}
{"level":"INFO","message":"[2:06:59.713 AM]: Creating new connection object"}
{"level":"INFO","message":"[2:06:59.718 AM]: Creating Connection[id: 03109aca-ba76-437e-9e7d-ccba92bc1e59] with host: qzocpqx-mi36866.snowflakecomputing.com, account: qzocpqx-mi36866, accessUrl: https://qzocpqx-mi36866.snowflakecomputing.com, user: SOOUBH, role: undefined, database: INVENTORYDB, schema: SUPPLY_CHAIN, warehouse: COMPUTE_WH, proxy was not configured, password is provided, region: undefined, authenticator: SNOWFLAKE, ocsp mode: FAIL_OPEN, os: win32, os version: 10.0.19045"}
{"level":"INFO","message":"[2:06:59.719 AM]: Connection[id: 03109aca-ba76-437e-9e7d-ccba92bc1e59] additional details: passcode in password is provided, passcode is not provided, private key is not provided, application: undefined, client name: snowflake-sdk, client version: 2.3.3, retry timeout: 300, private key path: undefined, private key pass is not provided, client store temporary credential: false, browser response timeout: 120000"}
{"level":"INFO","message":"[2:06:59.720 AM]: Connection[id: 03109aca-ba76-437e-9e7d-ccba92bc1e59] - connection object created successfully."}
{"level":"INFO","message":"[2:06:59.721 AM]: Connection[id: 03109aca-ba76-437e-9e7d-ccba92bc1e59] - connecting. Associated Snowflake domain: GLOBAL"}
{"level":"INFO","message":"[2:06:59.726 AM]: Connection[id: 03109aca-ba76-437e-9e7d-ccba92bc1e59] - authentication successful using: SNOWFLAKE"}
{"level":"INFO","message":"[2:06:59.726 AM]: Trying to initialize Easy Logging"}
{"level":"INFO","message":"[2:06:59.734 AM]: No client config detected."}
{"level":"INFO","message":"[2:06:59.735 AM]: No config file path found. Client config will not be used."}
{"level":"INFO","message":"[2:06:59.736 AM]: Easy Logging is disabled as no config has been found"}
{"level":"INFO","message":"[2:07:00.618 AM]: Connection[id: 03109aca-ba76-437e-9e7d-ccba92bc1e59] - connection established successfully after 897.3 milliseconds"}
{"level":"INFO","message":"[2:08:13.871 AM]: Creating new connection object"}
{"level":"INFO","message":"[2:08:13.981 AM]: Creating Connection[id: 199885e6-d6bb-4e70-9642-086a8686d1c4] with host: qzocpqx-mi36866.snowflakecomputing.com, account: qzocpqx-mi36866, accessUrl: https://qzocpqx-mi36866.snowflakecomputing.com, user: SOOUBH, role: undefined, database: INVENTORYDB, schema: SUPPLY_CHAIN, warehouse: COMPUTE_WH, proxy was not configured, password is provided, region: undefined, authenticator: SNOWFLAKE, ocsp mode: FAIL_OPEN, os: win32, os version: 10.0.19045"}
{"level":"INFO","message":"[2:08:14.025 AM]: Connection[id: 199885e6-d6bb-4e70-9642-086a8686d1c4] additional details: passcode in password is provided, passcode is not provided, private key is not provided, application: undefined, client name: snowflake-sdk, client version: 2.3.3, retry timeout: 300, private key path: undefined, private key pass is not provided, client store temporary credential: false, browser response timeout: 120000"}
{"level":"INFO","message":"[2:08:14.033 AM]: Connection[id: 199885e6-d6bb-4e70-9642-086a8686d1c4] - connection object created successfully."}
{"level":"INFO","message":"[2:08:14.036 AM]: Connection[id: 199885e6-d6bb-4e70-9642-086a8686d1c4] - connecting. Associated Snowflake domain: GLOBAL"}
{"level":"INFO","message":"[2:08:14.052 AM]: Connection[id: 199885e6-d6bb-4e70-9642-086a8686d1c4] - authentication successful using: SNOWFLAKE"}
{"level":"INFO","message":"[2:08:14.081 AM]: Trying to initialize Easy Logging"}
{"level":"INFO","message":"[2:08:14.120 AM]: No client config detected."}
{"level":"INFO","message":"[2:08:14.121 AM]: No config file path found. Client config will not be used."}
{"level":"INFO","message":"[2:08:14.124 AM]: Easy Logging is disabled as no config has been found"}
{"level":"INFO","message":"[2:08:15.639 AM]: Connection[id: 199885e6-d6bb-4e70-9642-086a8686d1c4] - connection established successfully after 1603.78 milliseconds"}
{"level":"INFO","message":"[2:09:30.231 AM]: Creating new connection object"}
{"level":"INFO","message":"[2:09:30.243 AM]: Creating Connection[id: 3be19438-806c-4066-808e-4e106c52a1e2] with host: qzocpqx-mi36866.snowflakecomputing.com, account: qzocpqx-mi36866, accessUrl: https://qzocpqx-mi36866.snowflakecomputing.com, user: SOOUBH, role: undefined, database: INVENTORYDB, schema: SUPPLY_CHAIN, warehouse: COMPUTE_WH, proxy was not configured, password is provided, region: undefined, authenticator: SNOWFLAKE, ocsp mode: FAIL_OPEN, os: win32, os version: 10.0.19045"}
{"level":"INFO","message":"[2:09:30.245 AM]: Connection[id: 3be19438-806c-4066-808e-4e106c52a1e2] additional details: passcode in password is provided, passcode is not provided, private key is not provided, application: undefined, client name: snowflake-sdk, client version: 2.3.3, retry timeout: 300, private key path: undefined, private key pass is not provided, client store temporary credential: false, browser response timeout: 120000"}
{"level":"INFO","message":"[2:09:30.246 AM]: Connection[id: 3be19438-806c-4066-808e-4e106c52a1e2] - connection object created successfully."}
{"level":"INFO","message":"[2:09:30.247 AM]: Connection[id: 3be19438-806c-4066-808e-4e106c52a1e2] - connecting. Associated Snowflake domain: GLOBAL"}
{"level":"INFO","message":"[2:09:30.250 AM]: Connection[id: 3be19438-806c-4066-808e-4e106c52a1e2] - authentication successful using: SNOWFLAKE"}
{"level":"INFO","message":"[2:09:30.251 AM]: Trying to initialize Easy Logging"}
{"level":"INFO","message":"[2:09:30.262 AM]: No client config detected."}
{"level":"INFO","message":"[2:09:30.262 AM]: No config file path found. Client config will not be used."}
{"level":"INFO","message":"[2:09:30.263 AM]: Easy Logging is disabled as no config has been found"}
{"level":"INFO","message":"[2:09:31.353 AM]: Connection[id: 3be19438-806c-4066-808e-4e106c52a1e2] - connection established successfully after 1106.19 milliseconds"}
{"level":"INFO","message":"[2:09:39.929 AM]: Creating new connection object"}
{"level":"INFO","message":"[2:09:39.933 AM]: Creating Connection[id: 0f5fa076-aecc-494f-9317-8414210231b5] with host: qzocpqx-mi36866.snowflakecomputing.com, account: qzocpqx-mi36866, accessUrl: https://qzocpqx-mi36866.snowflakecomputing.com, user: SOOUBH, role: undefined, database: INVENTORYDB, schema: SUPPLY_CHAIN, warehouse: COMPUTE_WH, proxy was not configured, password is provided, region: undefined, authenticator: SNOWFLAKE, ocsp mode: FAIL_OPEN, os: win32, os version: 10.0.19045"}
{"level":"INFO","message":"[2:09:39.934 AM]: Connection[id: 0f5fa076-aecc-494f-9317-8414210231b5] additional details: passcode in password is provided, passcode is not provided, private key is not provided, application: undefined, client name: snowflake-sdk, client version: 2.3.3, retry timeout: 300, private key path: undefined, private key pass is not provided, client store temporary credential: false, browser response timeout: 120000"}
{"level":"INFO","message":"[2:09:39.936 AM]: Connection[id: 0f5fa076-aecc-494f-9317-8414210231b5] - connection object created successfully."}
{"level":"INFO","message":"[2:09:39.936 AM]: Connection[id: 0f5fa076-aecc-494f-9317-8414210231b5] - connecting. Associated Snowflake domain: GLOBAL"}
{"level":"INFO","message":"[2:09:39.944 AM]: Connection[id: 0f5fa076-aecc-494f-9317-8414210231b5] - authentication successful using: SNOWFLAKE"}
{"level":"INFO","message":"[2:09:39.945 AM]: Trying to initialize Easy Logging"}
{"level":"INFO","message":"[2:09:39.949 AM]: No client config detected."}
{"level":"INFO","message":"[2:09:39.951 AM]: No config file path found. Client config will not be used."}
{"level":"INFO","message":"[2:09:39.952 AM]: Easy Logging is disabled as no config has been found"}
{"level":"INFO","message":"[2:09:41.591 AM]: Connection[id: 0f5fa076-aecc-494f-9317-8414210231b5] - connection established successfully after 1654.97 milliseconds"}
{"level":"INFO","message":"[2:09:42.967 AM]: Creating new connection object"}
{"level":"INFO","message":"[2:09:42.974 AM]: Creating Connection[id: 0fb65739-7627-493e-b9ca-8195b754089a] with host: qzocpqx-mi36866.snowflakecomputing.com, account: qzocpqx-mi36866, accessUrl: https://qzocpqx-mi36866.snowflakecomputing.com, user: SOOUBH, role: undefined, database: INVENTORYDB, schema: SUPPLY_CHAIN, warehouse: COMPUTE_WH, proxy was not configured, password is provided, region: undefined, authenticator: SNOWFLAKE, ocsp mode: FAIL_OPEN, os: win32, os version: 10.0.19045"}
{"level":"INFO","message":"[2:09:42.978 AM]: Connection[id: 0fb65739-7627-493e-b9ca-8195b754089a] additional details: passcode in password is provided, passcode is not provided, private key is not provided, application: undefined, client name: snowflake-sdk, client version: 2.3.3, retry timeout: 300, private key path: undefined, private key pass is not provided, client store temporary credential: false, browser response timeout: 120000"}
{"level":"INFO","message":"[2:09:42.979 AM]: Connection[id: 0fb65739-7627-493e-b9ca-8195b754089a] - connection object created successfully."}
{"level":"INFO","message":"[2:09:42.982 AM]: Connection[id: 0fb65739-7627-493e-b9ca-8195b754089a] - connecting. Associated Snowflake domain: GLOBAL"}
{"level":"INFO","message":"[2:09:42.992 AM]: Connection[id: 0fb65739-7627-493e-b9ca-8195b754089a] - authentication successful using: SNOWFLAKE"}
{"level":"INFO","message":"[2:09:42.997 AM]: Trying to initialize Easy Logging"}
{"level":"INFO","message":"[2:09:43.002 AM]: No client config detected."}
{"level":"INFO","message":"[2:09:43.011 AM]: No config file path found. Client config will not be used."}
{"level":"INFO","message":"[2:09:43.012 AM]: Easy Logging is disabled as no config has been found"}
{"level":"INFO","message":"[2:09:43.895 AM]: Connection[id: 0fb65739-7627-493e-b9ca-8195b754089a] - connection established successfully after 913.5 milliseconds"}
